# JRE version: Java(TM) SE Runtime Environment (17.0.9+11) (build 17.0.9+11-LTS-201)
# Java VM: Java HotSpot(TM) 64-Bit Server VM (17.0.9+11-LTS-201, mixed mode, sharing, tiered, compressed oops, compressed class ptrs, g1 gc, windows-amd64)
GC Precious Log:
 CPUs: 4 total, 4 available
 Memory: 6143M
 Large Page Support: Disabled
 NUMA Support: Disabled
 Compressed Oops: Enabled (32-bit)
 Heap Region Size: 1M
 Heap Min Capacity: 8M
 Heap Initial Capacity: 96M
 Heap Max Capacity: 1536M
 Pre-touch: Disabled
 Parallel Workers: 4
 Concurrent Workers: 1
 Concurrent Refinement Workers: 4
 Periodic GC: Disabled
Heap:
 garbage-first heap   total 167936K, used 91681K [0x00000000a0000000, 0x0000000100000000)
  region size 1024K, 46 young (47104K), 1 survivors (1024K)
 Metaspace       used 88411K, committed 89152K, reserved 1179648K
  class space    used 10997K, committed 11328K, reserved 1048576K
GC Heap History (20 events):
Event: 77.767 GC heap before
{Heap before GC invocations=36 (full 0):
 garbage-first heap   total 242688K, used 72125K [0x00000000a0000000, 0x0000000100000000)
  region size 1024K, 14 young (14336K), 13 survivors (13312K)
 Metaspace       used 72941K, committed 73536K, reserved 1114112K
  class space    used 9552K, committed 9856K, reserved 1048576K
}
Event: 77.785 GC heap after
{Heap after GC invocations=37 (full 0):
 garbage-first heap   total 242688K, used 66706K [0x00000000a0000000, 0x0000000100000000)
  region size 1024K, 2 young (2048K), 2 survivors (2048K)
 Metaspace       used 72941K, committed 73536K, reserved 1114112K
  class space    used 9552K, committed 9856K, reserved 1048576K
}
Event: 78.467 GC heap before
{Heap before GC invocations=37 (full 0):
 garbage-first heap   total 242688K, used 100498K [0x00000000a0000000, 0x0000000100000000)
  region size 1024K, 37 young (37888K), 2 survivors (2048K)
 Metaspace       used 73240K, committed 73856K, reserved 1114112K
  class space    used 9572K, committed 9856K, reserved 1048576K
}
Event: 78.472 GC heap after
{Heap after GC invocations=38 (full 0):
 garbage-first heap   total 242688K, used 65681K [0x00000000a0000000, 0x0000000100000000)
  region size 1024K, 1 young (1024K), 1 survivors (1024K)
 Metaspace       used 73240K, committed 73856K, reserved 1114112K
  class space    used 9572K, committed 9856K, reserved 1048576K
}
Event: 79.671 GC heap before
{Heap before GC invocations=39 (full 0):
 garbage-first heap   total 225280K, used 193858K [0x00000000a0000000, 0x0000000100000000)
  region size 1024K, 126 young (129024K), 1 survivors (1024K)
 Metaspace       used 76814K, committed 77440K, reserved 1179648K
  class space    used 9580K, committed 9856K, reserved 1048576K
}
Event: 79.677 GC heap after
{Heap after GC invocations=40 (full 0):
 garbage-first heap   total 225280K, used 58914K [0x00000000a0000000, 0x0000000100000000)
  region size 1024K, 1 young (1024K), 1 survivors (1024K)
 Metaspace       used 76814K, committed 77440K, reserved 1179648K
  class space    used 9580K, committed 9856K, reserved 1048576K
}
Event: 79.746 GC heap before
{Heap before GC invocations=40 (full 0):
 garbage-first heap   total 225280K, used 69154K [0x00000000a0000000, 0x0000000100000000)
  region size 1024K, 11 young (11264K), 1 survivors (1024K)
 Metaspace       used 76814K, committed 77440K, reserved 1179648K
  class space    used 9580K, committed 9856K, reserved 1048576K
}
Event: 79.752 GC heap after
{Heap after GC invocations=41 (full 0):
 garbage-first heap   total 225280K, used 46375K [0x00000000a0000000, 0x0000000100000000)
  region size 1024K, 1 young (1024K), 1 survivors (1024K)
 Metaspace       used 76814K, committed 77440K, reserved 1179648K
  class space    used 9580K, committed 9856K, reserved 1048576K
}
Event: 80.746 GC heap before
{Heap before GC invocations=41 (full 0):
 garbage-first heap   total 225280K, used 179495K [0x00000000a0000000, 0x0000000100000000)
  region size 1024K, 131 young (134144K), 1 survivors (1024K)
 Metaspace       used 76814K, committed 77440K, reserved 1179648K
  class space    used 9580K, committed 9856K, reserved 1048576K
}
Event: 80.753 GC heap after
{Heap after GC invocations=42 (full 0):
 garbage-first heap   total 225280K, used 46395K [0x00000000a0000000, 0x0000000100000000)
  region size 1024K, 1 young (1024K), 1 survivors (1024K)
 Metaspace       used 76814K, committed 77440K, reserved 1179648K
  class space    used 9580K, committed 9856K, reserved 1048576K
}
Event: 87.494 GC heap before
{Heap before GC invocations=43 (full 0):
 garbage-first heap   total 198656K, used 179515K [0x00000000a0000000, 0x0000000100000000)
  region size 1024K, 132 young (135168K), 1 survivors (1024K)
 Metaspace       used 79410K, committed 80000K, reserved 1179648K
  class space    used 9900K, committed 10176K, reserved 1048576K
}
Event: 87.503 GC heap after
{Heap after GC invocations=44 (full 0):
 garbage-first heap   total 198656K, used 47110K [0x00000000a0000000, 0x0000000100000000)
  region size 1024K, 1 young (1024K), 1 survivors (1024K)
 Metaspace       used 79410K, committed 80000K, reserved 1179648K
  class space    used 9900K, committed 10176K, reserved 1048576K
}
Event: 88.739 GC heap before
{Heap before GC invocations=44 (full 0):
 garbage-first heap   total 198656K, used 54278K [0x00000000a0000000, 0x0000000100000000)
  region size 1024K, 9 young (9216K), 1 survivors (1024K)
 Metaspace       used 79410K, committed 80000K, reserved 1179648K
  class space    used 9900K, committed 10176K, reserved 1048576K
}
Event: 88.746 GC heap after
{Heap after GC invocations=45 (full 0):
 garbage-first heap   total 198656K, used 45207K [0x00000000a0000000, 0x0000000100000000)
  region size 1024K, 1 young (1024K), 1 survivors (1024K)
 Metaspace       used 79410K, committed 80000K, reserved 1179648K
  class space    used 9900K, committed 10176K, reserved 1048576K
}
Event: 93.936 GC heap before
{Heap before GC invocations=45 (full 0):
 garbage-first heap   total 198656K, used 136343K [0x00000000a0000000, 0x0000000100000000)
  region size 1024K, 92 young (94208K), 1 survivors (1024K)
 Metaspace       used 83789K, committed 84416K, reserved 1179648K
  class space    used 10524K, committed 10816K, reserved 1048576K
}
Event: 93.949 GC heap after
{Heap after GC invocations=46 (full 0):
 garbage-first heap   total 198656K, used 46384K [0x00000000a0000000, 0x0000000100000000)
  region size 1024K, 3 young (3072K), 3 survivors (3072K)
 Metaspace       used 83789K, committed 84416K, reserved 1179648K
  class space    used 10524K, committed 10816K, reserved 1048576K
}
Event: 103.571 GC heap before
{Heap before GC invocations=47 (full 0):
 garbage-first heap   total 167936K, used 158000K [0x00000000a0000000, 0x0000000100000000)
  region size 1024K, 65 young (66560K), 3 survivors (3072K)
 Metaspace       used 86796K, committed 87424K, reserved 1179648K
  class space    used 10803K, committed 11136K, reserved 1048576K
}
Event: 103.583 GC heap after
{Heap after GC invocations=48 (full 0):
 garbage-first heap   total 167936K, used 97810K [0x00000000a0000000, 0x0000000100000000)
  region size 1024K, 4 young (4096K), 4 survivors (4096K)
 Metaspace       used 86796K, committed 87424K, reserved 1179648K
  class space    used 10803K, committed 11136K, reserved 1048576K
}
Event: 104.032 GC heap before
{Heap before GC invocations=48 (full 0):
 garbage-first heap   total 167936K, used 101906K [0x00000000a0000000, 0x0000000100000000)
  region size 1024K, 8 young (8192K), 4 survivors (4096K)
 Metaspace       used 87032K, committed 87744K, reserved 1179648K
  class space    used 10830K, committed 11200K, reserved 1048576K
}
Event: 104.047 GC heap after
{Heap after GC invocations=49 (full 0):
 garbage-first heap   total 167936K, used 46625K [0x00000000a0000000, 0x0000000100000000)
  region size 1024K, 1 young (1024K), 1 survivors (1024K)
 Metaspace       used 87032K, committed 87744K, reserved 1179648K
  class space    used 10830K, committed 11200K, reserved 1048576K
}

